C:\UC\SEMESTER3\GVT\ASSIGNMENT\STUDENTASSIGNMENTSHELL\VIC2014_ASSIGNMENT_STUDENTVERSION\VIC2014_2D3DEXAMPLE\VIC2014_2D3DEXAMPLE\DEBUG\2DTEXT.OBJ
C:\UC\SEMESTER3\GVT\ASSIGNMENT\STUDENTASSIGNMENTSHELL\VIC2014_ASSIGNMENT_STUDENTVERSION\VIC2014_2D3DEXAMPLE\VIC2014_2D3DEXAMPLE\DEBUG\AXES.OBJ
C:\UC\SEMESTER3\GVT\ASSIGNMENT\STUDENTASSIGNMENTSHELL\VIC2014_ASSIGNMENT_STUDENTVERSION\VIC2014_2D3DEXAMPLE\VIC2014_2D3DEXAMPLE\DEBUG\CUBECLASS.OBJ
C:\UC\SEMESTER3\GVT\ASSIGNMENT\STUDENTASSIGNMENTSHELL\VIC2014_ASSIGNMENT_STUDENTVERSION\VIC2014_2D3DEXAMPLE\VIC2014_2D3DEXAMPLE\DEBUG\FILEOPERATIONS.OBJ
C:\UC\SEMESTER3\GVT\ASSIGNMENT\STUDENTASSIGNMENTSHELL\VIC2014_ASSIGNMENT_STUDENTVERSION\VIC2014_2D3DEXAMPLE\VIC2014_2D3DEXAMPLE\DEBUG\FILEOPERATIONS2.OBJ
C:\UC\SEMESTER3\GVT\ASSIGNMENT\STUDENTASSIGNMENTSHELL\VIC2014_ASSIGNMENT_STUDENTVERSION\VIC2014_2D3DEXAMPLE\VIC2014_2D3DEXAMPLE\DEBUG\FIRINGPLATFORM.OBJ
C:\UC\SEMESTER3\GVT\ASSIGNMENT\STUDENTASSIGNMENTSHELL\VIC2014_ASSIGNMENT_STUDENTVERSION\VIC2014_2D3DEXAMPLE\VIC2014_2D3DEXAMPLE\DEBUG\GLUTILS.OBJ
C:\UC\SEMESTER3\GVT\ASSIGNMENT\STUDENTASSIGNMENTSHELL\VIC2014_ASSIGNMENT_STUDENTVERSION\VIC2014_2D3DEXAMPLE\VIC2014_2D3DEXAMPLE\DEBUG\GRID.OBJ
C:\UC\SEMESTER3\GVT\ASSIGNMENT\STUDENTASSIGNMENTSHELL\VIC2014_ASSIGNMENT_STUDENTVERSION\VIC2014_2D3DEXAMPLE\VIC2014_2D3DEXAMPLE\DEBUG\HEIGHTFIELD.OBJ
C:\UC\SEMESTER3\GVT\ASSIGNMENT\STUDENTASSIGNMENTSHELL\VIC2014_ASSIGNMENT_STUDENTVERSION\VIC2014_2D3DEXAMPLE\VIC2014_2D3DEXAMPLE\DEBUG\LIGHTS.OBJ
C:\UC\SEMESTER3\GVT\ASSIGNMENT\STUDENTASSIGNMENTSHELL\VIC2014_ASSIGNMENT_STUDENTVERSION\VIC2014_2D3DEXAMPLE\VIC2014_2D3DEXAMPLE\DEBUG\MAIN.OBJ
C:\UC\SEMESTER3\GVT\ASSIGNMENT\STUDENTASSIGNMENTSHELL\VIC2014_ASSIGNMENT_STUDENTVERSION\VIC2014_2D3DEXAMPLE\VIC2014_2D3DEXAMPLE\DEBUG\SPACESTATION.OBJ
C:\UC\SEMESTER3\GVT\ASSIGNMENT\STUDENTASSIGNMENTSHELL\VIC2014_ASSIGNMENT_STUDENTVERSION\VIC2014_2D3DEXAMPLE\VIC2014_2D3DEXAMPLE\DEBUG\UTILITY.OBJ
C:\UC\SEMESTER3\GVT\ASSIGNMENT\STUDENTASSIGNMENTSHELL\VIC2014_ASSIGNMENT_STUDENTVERSION\VIC2014_2D3DEXAMPLE\VIC2014_2D3DEXAMPLE\DEBUG\VEC4.OBJ
C:\UC\SEMESTER3\GVT\ASSIGNMENT\STUDENTASSIGNMENTSHELL\VIC2014_ASSIGNMENT_STUDENTVERSION\VIC2014_2D3DEXAMPLE\VIC2014_2D3DEXAMPLE\DEBUG\VC110.PDB
C:\UC\SEMESTER3\GVT\ASSIGNMENT\STUDENTASSIGNMENTSHELL\VIC2014_ASSIGNMENT_STUDENTVERSION\VIC2014_2D3DEXAMPLE\VIC2014_2D3DEXAMPLE\DEBUG\SYSTEM.OBJ
C:\UC\SEMESTER3\GVT\ASSIGNMENT\STUDENTASSIGNMENTSHELL\VIC2014_ASSIGNMENT_STUDENTVERSION\VIC2014_2D3DEXAMPLE\DEBUG\VIC2014_2D3DEXAMPLE.EXE
C:\UC\SEMESTER3\GVT\ASSIGNMENT\STUDENTASSIGNMENTSHELL\VIC2014_ASSIGNMENT_STUDENTVERSION\VIC2014_2D3DEXAMPLE\DEBUG\VIC2014_2D3DEXAMPLE.PDB
C:\UC\Semester3\GVT\Assignment\StudentAssignmentShell\VIC2014_Assignment_StudentVersion\VIC2014_2D3Dexample\VIC2014_2D3Dexample\Debug\2Dtext.obj
C:\UC\Semester3\GVT\Assignment\StudentAssignmentShell\VIC2014_Assignment_StudentVersion\VIC2014_2D3Dexample\VIC2014_2D3Dexample\Debug\axes.obj
C:\UC\Semester3\GVT\Assignment\StudentAssignmentShell\VIC2014_Assignment_StudentVersion\VIC2014_2D3Dexample\VIC2014_2D3Dexample\Debug\CubeClass.obj
C:\UC\Semester3\GVT\Assignment\StudentAssignmentShell\VIC2014_Assignment_StudentVersion\VIC2014_2D3Dexample\VIC2014_2D3Dexample\Debug\fileOperations.obj
C:\UC\Semester3\GVT\Assignment\StudentAssignmentShell\VIC2014_Assignment_StudentVersion\VIC2014_2D3Dexample\VIC2014_2D3Dexample\Debug\fileOperations2.obj
C:\UC\Semester3\GVT\Assignment\StudentAssignmentShell\VIC2014_Assignment_StudentVersion\VIC2014_2D3Dexample\VIC2014_2D3Dexample\Debug\firingplatform.obj
C:\UC\Semester3\GVT\Assignment\StudentAssignmentShell\VIC2014_Assignment_StudentVersion\VIC2014_2D3Dexample\VIC2014_2D3Dexample\Debug\glUtils.obj
C:\UC\Semester3\GVT\Assignment\StudentAssignmentShell\VIC2014_Assignment_StudentVersion\VIC2014_2D3Dexample\VIC2014_2D3Dexample\Debug\grid.obj
C:\UC\Semester3\GVT\Assignment\StudentAssignmentShell\VIC2014_Assignment_StudentVersion\VIC2014_2D3Dexample\VIC2014_2D3Dexample\Debug\HeightField.obj
C:\UC\Semester3\GVT\Assignment\StudentAssignmentShell\VIC2014_Assignment_StudentVersion\VIC2014_2D3Dexample\VIC2014_2D3Dexample\Debug\Lights.obj
C:\UC\Semester3\GVT\Assignment\StudentAssignmentShell\VIC2014_Assignment_StudentVersion\VIC2014_2D3Dexample\VIC2014_2D3Dexample\Debug\main.obj
C:\UC\Semester3\GVT\Assignment\StudentAssignmentShell\VIC2014_Assignment_StudentVersion\VIC2014_2D3Dexample\VIC2014_2D3Dexample\Debug\SpaceStation.obj
C:\UC\Semester3\GVT\Assignment\StudentAssignmentShell\VIC2014_Assignment_StudentVersion\VIC2014_2D3Dexample\VIC2014_2D3Dexample\Debug\System.obj
C:\UC\Semester3\GVT\Assignment\StudentAssignmentShell\VIC2014_Assignment_StudentVersion\VIC2014_2D3Dexample\VIC2014_2D3Dexample\Debug\utility.obj
C:\UC\Semester3\GVT\Assignment\StudentAssignmentShell\VIC2014_Assignment_StudentVersion\VIC2014_2D3Dexample\VIC2014_2D3Dexample\Debug\vec4.obj
C:\UC\Semester3\GVT\Assignment\StudentAssignmentShell\VIC2014_Assignment_StudentVersion\VIC2014_2D3Dexample\VIC2014_2D3Dexample\Debug\cl.command.1.tlog
C:\UC\Semester3\GVT\Assignment\StudentAssignmentShell\VIC2014_Assignment_StudentVersion\VIC2014_2D3Dexample\VIC2014_2D3Dexample\Debug\CL.read.1.tlog
C:\UC\Semester3\GVT\Assignment\StudentAssignmentShell\VIC2014_Assignment_StudentVersion\VIC2014_2D3Dexample\VIC2014_2D3Dexample\Debug\CL.write.1.tlog
C:\UC\Semester3\GVT\Assignment\StudentAssignmentShell\VIC2014_Assignment_StudentVersion\VIC2014_2D3Dexample\VIC2014_2D3Dexample\Debug\link-cvtres.read.1.tlog
C:\UC\Semester3\GVT\Assignment\StudentAssignmentShell\VIC2014_Assignment_StudentVersion\VIC2014_2D3Dexample\VIC2014_2D3Dexample\Debug\link-cvtres.write.1.tlog
C:\UC\Semester3\GVT\Assignment\StudentAssignmentShell\VIC2014_Assignment_StudentVersion\VIC2014_2D3Dexample\VIC2014_2D3Dexample\Debug\link-rc.read.1.tlog
C:\UC\Semester3\GVT\Assignment\StudentAssignmentShell\VIC2014_Assignment_StudentVersion\VIC2014_2D3Dexample\VIC2014_2D3Dexample\Debug\link-rc.write.1.tlog
C:\UC\Semester3\GVT\Assignment\StudentAssignmentShell\VIC2014_Assignment_StudentVersion\VIC2014_2D3Dexample\VIC2014_2D3Dexample\Debug\link.command.1.tlog
C:\UC\Semester3\GVT\Assignment\StudentAssignmentShell\VIC2014_Assignment_StudentVersion\VIC2014_2D3Dexample\VIC2014_2D3Dexample\Debug\link.read.1.tlog
C:\UC\Semester3\GVT\Assignment\StudentAssignmentShell\VIC2014_Assignment_StudentVersion\VIC2014_2D3Dexample\VIC2014_2D3Dexample\Debug\link.write.1.tlog
C:\UC\Semester3\GVT\Assignment\StudentAssignmentShell\VIC2014_Assignment_StudentVersion\VIC2014_2D3Dexample\VIC2014_2D3Dexample\Debug\vc110.idb
C:\UC\Semester3\GVT\Assignment\StudentAssignmentShell\VIC2014_Assignment_StudentVersion\VIC2014_2D3Dexample\VIC2014_2D3Dexample\Debug\vc110.pdb
C:\UC\Semester3\GVT\Assignment\StudentAssignmentShell\VIC2014_Assignment_StudentVersion\VIC2014_2D3Dexample\Debug\VIC2014_2D3Dexample.pdb
C:\UC\Semester3\GVT\Assignment\StudentAssignmentShell\VIC2014_Assignment_StudentVersion\VIC2014_2D3Dexample\Debug\VIC2014_2D3Dexample.exe
